{"level":"error","message":"Error: User Insertion, ValidationError: Path `user_type` is required., Path `password` is required.","timestamp":"2:54:24 PM"}
{"level":"error","message":"Error: User Insertion, ValidationError: Path `user_type` is required., Path `password` is required.","timestamp":"2:54:43 PM"}
{"level":"error","message":"Error: User Insertion, ValidationError: Path `username` is required.","timestamp":"3:14:18 PM"}
{"level":"error","message":"Error: User Insertion, ValidationError: Path `username` is required.","timestamp":"3:20:30 PM"}
{"level":"error","message":"Error: User Insertion, ValidationError: Path `username` is required.","timestamp":"3:21:09 PM"}
{"level":"error","message":"Error: User Insertion, ValidationError: Username field is required","timestamp":"3:27:07 PM"}
{"level":"error","message":"Error: User Insertion, ValidationError: User type field is required, Username field is required","timestamp":"3:28:29 PM"}
{"level":"error","message":"Error: User Insertion, ValidationError: First name is required, Username field is required","timestamp":"3:31:06 PM"}
{"level":"error","message":"Error: User Insertion, ValidationError: First name is required, Please fill a valid email address, Username field is required","timestamp":"3:32:57 PM"}
{"level":"error","message":"Error: User Insertion, ValidationError: First name is required, Username field is required","timestamp":"3:33:15 PM"}
{"level":"error","message":"Error: User Insertion, ValidationError: Email field is required, Password field is required, Username field is required, First name is required","timestamp":"3:51:14 PM"}
{"level":"error","message":"Error: User Insertion, ValidationError: Email field is required, Password field is required, Username field is required, First name is required","timestamp":"4:22:45 PM"}
{"level":"error","message":"Error: User Insertion, ValidationError: Email field is required, Password field is required, Username field is required, First name is required","timestamp":"4:23:13 PM"}
{"level":"error","message":"Error: User Insertion, ValidationError: Email field is required, Password field is required, Username field is required, First name is required","timestamp":"4:23:57 PM"}
{"level":"error","message":"Error: User Insertion, ValidationError: Email field is required, Password field is required, Username field is required, First name is required","timestamp":"4:28:25 PM"}
{"level":"error","message":"Error: User Insertion, ValidationError: Email field is required, Password field is required, Username field is required, First name is required","timestamp":"4:28:50 PM"}
{"level":"error","message":"Error: User Insertion, ValidationError: Email field is required, Password field is required, Username field is required, First name is required","timestamp":"4:30:53 PM"}
{"level":"error","message":"Error: User Insertion, ValidationError: Email field is required, Password field is required, Username field is required, First name is required","timestamp":"4:30:57 PM"}
{"level":"error","message":"Error: User Insertion, ValidationError: Password field is required, First name is required","timestamp":"4:58:00 PM"}
{"level":"error","message":"Error: User Insertion, ValidationError: Password field is required, First name is required","timestamp":"4:58:04 PM"}
{"level":"error","message":"Error: User Insertion, ValidationError: Password field is required, First name is required","timestamp":"5:02:20 PM"}
{"level":"error","message":"Error: User Insertion, ValidationError: Password field is required, First name is required","timestamp":"5:03:10 PM"}
{"level":"error","message":"Error: User Insertion, ValidationError: Password field is required, First name is required","timestamp":"5:03:54 PM"}
{"level":"error","message":"Error: User Insertion, ValidationError: Password field is required, First name is required","timestamp":"5:06:35 PM"}
